90
38 1
38500
92 1
92500
77 1
77500
48 1
48500
73 1
73500
29 1
29500
27 1
27500
88 1
88500
11 1
11500
66 1
66500
34 1
34500
82 1
82500
75 1
75500
65 1
65500
21 1
21500
32 1
32500
76 1
76500
18 1
18500
57 1
57500
37 1
37500
62 1
62500
22 1
22500
2 1
2500
9 1
9500
89 1
89500
16 1
16500
14 1
14500
31 1
31500
52 1
52500
53 1
53500
67 1
67500
46 1
46500
13 1
13500
42 1
42500
79 1
79500
84 1
84500
69 1
69500
36 1
36500
61 1
61500
55 1
55500
43 1
43500
40 1
40500
56 1
56500
90 1
90500
86 1
86500
91 1
91500
64 1
64500
78 1
78500
6 1
6500
30 1
30500
59 1
59500
99 1
99500
7 1
7500
83 1
83500
58 1
58500
15 1
15500
41 1
41500
28 1
28500
45 1
45500
12 1
12500
3 1
3500
20 1
20500
4 1
4500
81 1
81500
87 1
87500
63 1
63500
23 1
23500
26 1
26500
5 1
5500
94 1
94500
85 1
85500
19 1
19500
72 1
72500
93 1
93500
74 1
74500
44 1
44500
47 1
47500
50 1
50500
71 1
71500
80 1
80500
98 1
98500
8 1
8500
25 1
25500
70 1
70500
39 1
39500
33 1
33500
68 1
68500
54 1
54500
51 1
51500
24 1
24500
