768
3216 11
66583 72361 9436 79179 14944 21563 20333 70762 74588 74598 81216
1549 11
25013 98461 61854 52007 5245 36648 92602 39536 78457 47431 52239
6754 12
38055 60674 9716 47046 54195 64971 6136 57188 69574 73946 16462 48874
8283 17
13885 75951 93624 778 77395 91275 84177 93762 29584 96375 94482 81890 52552 69572 34666 75797 21288
9218 11
50339 89612 35538 68963 24201 27311 70639 8590 41448 23172 71906
5263 17
90365 27573 78398 32725 63602 37405 41725 805 21385 36344 83457 35600 38744 64389 15260 34601 73291
8505 19
64527 53693 68816 68405 44883 4848 62215 35399 86182 10869 80284 40259 99498 63958 70781 82264 75626 91543 51950
1476 17
62389 19419 97715 1961 97603 71712 67690 75901 86219 81097 96318 80283 72019 57158 67602 36162 47921
53 11
27198 42293 61098 56156 67042 70968 1061 60488 2478 45897 19871
2359 15
85810 52615 12451 28632 20678 19053 83803 63497 98686 30503 78319 60259 14067 55889 9508
122 10
55902 13385 70053 12344 78834 47800 37843 98090 22078 89613
6915 11
85422 71522 85197 29988 42644 5398 94434 74797 36036 39955 65488
6979 19
76206 22906 18600 3425 43631 8991 15498 25493 30325 21211 41412 93347 71246 71799 57859 40294 32591 41474 89839
7956 16
91358 89710 8361 39793 76310 99270 43098 59305 11082 19498 2365 25103 86621 34990 83790 23650
2297 17
44219 34902 26037 70960 42504 6718 5511 48161 72402 20451 54343 74118 61759 67018 19238 98491 32352
7791 18
93181 81874 91641 32187 84014 26638 48237 87958 81321 49959 87331 75810 41427 83007 35109 54133 27113 23942
693 16
70660 52967 39490 98204 84908 38587 32671 66038 35676 34392 66704 24973 77061 18233 79029 30884
2006 13
42447 75657 96719 42790 27157 79411 88446 20664 3964 36998 16873 96323 94498
1760 10
28953 46805 82880 58487 40929 22422 14830 49620 39132 5901
2610 20
71113 48745 10458 11071 52297 30494 53356 25060 74761 7820 4174 66708 89240 48043 39325 77032 49113 61304 65479 1382
1559 13
32310 94008 21448 49428 91615 57844 44809 13735 52328 51878 90715 83093 48838
1296 11
95991 45191 84642 95303 26826 9005 28937 88752 88340 19174 80466
8530 20
82458 27044 96213 22968 99723 98024 19448 42760 16064 20859 2304 32631 88957 59089 53582 26138 5892 87719 81373 11503
7021 16
86633 78444 58903 93967 14586 65056 84776 15673 39880 71094 34954 71524 19902 66024 69638 8126
1448 14
52876 61385 45990 88507 92889 88725 46160 97191 14370 95566 45379 91418 53233 89811
3124 14
7441 24803 45851 88888 89360 4303 11593 42065 79809 57835 1683 99456 31431 99244
7042 19
69648 27467 92896 1911 18938 87349 79123 18110 94727 10231 24343 77640 38712 64879 49221 37687 72464 42074 60582
8109 12
52339 36052 59017 42782 23360 31540 42969 34450 5407 75268 10811 66840
6386 10
9874 22813 17594 71764 59511 67054 49757 2109 19711 11094
8795 18
19282 11887 20115 34827 24629 33606 81608 35653 7515 72714 75616 7588 51607 31898 30617 89427 36151 47816
416 17
85782 34561 1508 348 97542 84065 19674 82929 10280 78548 57140 61397 58698 80870 71411 96196 27052
8260 13
87805 59725 3518 75316 83122 2337 92119 35133 47005 63560 81941 43255 8391
1737 18
7610 28258 74518 96574 39513 10209 63090 18610 75169 35667 1912 41108 38352 24216 7055 75599 75184 11483
7555 11
31057 62262 93960 28735 33388 49271 98853 34991 9913 59433 80645
3568 16
99956 40438 15600 20511 38169 88971 5430 37582 34112 9324 3120 31134 1417 66803 38570 57089
1970 11
17137 22341 60864 71777 35806 92429 60718 13325 49785 80411 30317
6779 18
24773 64426 47364 2282 47812 41851 55496 28854 64219 17379 26920 23458 32041 80698 81514 97360 42236 96152
7995 17
96627 38128 74621 55364 64041 5768 47295 28990 72285 30852 95027 19974 77993 25285 78404 7514 76518
7259 16
28376 40291 14943 40686 76989 28395 44513 25195 65832 32807 76191 14752 5724 70983 72463 28997
8098 12
98316 7982 45918 48510 78523 32178 6241 83543 35499 86941 52912 20487
8300 12
9754 15770 51039 10836 60051 31408 73038 92704 62377 41532 54196 33813
3318 13
80271 22250 45513 94732 86023 32281 15194 58059 61006 1598 69979 43084 76786
7974 13
88310 46572 46166 74034 20571 76647 71379 36882 45484 26355 27448 26314 59320
1331 17
82656 59974 41770 36055 31281 81015 72349 86946 3541 53581 72124 25333 12924 59676 38127 69818 69820
1403 11
8000 40767 94238 42019 58077 74162 59518 80403 55951 68456 60650
5853 17
51319 71022 78738 26098 52055 7334 98161 40237 46472 74376 35992 95766 86337 15189 69503 74745 45690
6957 15
51669 16211 93239 4446 97950 29776 35443 8280 94880 89883 23121 32686 69907 72670 41944
1307 18
86902 30185 82495 76167 54991 24787 37105 48817 75297 77218 1529 52535 60016 33850 72959 40496 23465 46815
832 19
29059 75680 85275 44419 1489 12923 17213 53142 4118 54441 4567 3870 89198 42719 76482 26078 98497 29746 86392
2651 17
89695 98402 35995 87639 66504 303 34930 90615 51735 15485 33345 84919 6709 69343 7277 40436 87520
3324 13
29258 23321 80630 63487 63905 77126 6316 16067 65658 27589 49851 98469 56075
1044 14
60633 2081 60159 14907 72992 94797 47616 35191 46663 51997 46398 36160 32697 60239
8404 10
58196 13368 36801 91728 37115 82120 96954 38866 44882 13529
5835 10
93568 67862 93577 48697 89745 78040 30382 73781 24979 6703
8122 10
70857 53274 62802 99042 93036 55650 22757 6121 98957 93479
5437 18
37541 49865 46209 99313 70941 36537 10326 90727 40517 94845 63416 78972 39244 75118 62156 84137 29133 58359
984 18
99627 67207 73305 29093 43599 43392 26821 78657 3243 62866 98443 10131 3149 64584 55512 38364 20155 5364
5397 17
73351 15078 90129 94475 77282 5699 27789 71639 54150 53189 98963 3816 78555 53554 25888 46379 53613
6442 17
36383 52025 6299 69280 11172 73213 71284 36183 81761 11660 25017 83160 20785 38770 82710 71791 27191
3552 16
58989 46670 39157 64890 77022 53591 15879 69434 12167 42 85967 4127 68779 89918 31819 43720
1989 13
70849 53033 64154 51836 97175 60870 80644 24761 89037 85142 39893 79182 61260
6493 10
24233 95151 92547 80393 17080 56683 88148 75107 82563 18975
4065 15
99292 50234 86029 6561 9496 44996 59940 16624 33951 18030 43277 90021 43537 69244 69141
4194 13
19288 7184 23520 21300 54420 66263 77193 56177 53815 73906 13128 16943 40861
6152 14
33034 24180 16806 23049 71362 75597 3713 6315 94538 6747 14160 71306 5991 28053
9686 18
82545 65441 29417 91702 89718 66874 3052 92969 65300 4984 18898 98885 67202 67539 19857 1739 58585 12234
79 13
92238 17409 34003 3069 9743 68010 81522 95827 15601 20294 75224 40712 5547
1488 13
37975 14619 97224 32887 33891 80258 1762 94939 39288 22695 94462 5672 24347
7729 18
74182 15641 89627 72099 31033 54159 5343 86053 16001 25440 80885 15638 6685 4197 43920 31058 28235 24647
1249 9
76800 10207 70255 13016 24923 60004 81969 43004 87288
8392 15
36885 2231 96203 95714 32513 96946 28228 6519 99981 20066 42060 29951 41824 80643 69215
2086 9
21483 10909 10082 50175 69080 22534 8855 64126 71240
6679 17
55721 25368 36508 72151 83887 35817 47119 82681 65611 29223 27102 67448 78144 31872 80781 32194 65843
3883 15
22713 60726 99574 45299 73176 24416 42944 51928 52270 48709 33589 97903 73083 44369 81808
9336 15
69072 98817 70375 18473 95682 77454 76358 89465 66404 7095 18601 14610 50935 4034 31985
6418 19
55802 36770 99717 81382 7124 55251 71901 4176 39035 3708 75744 57577 96150 91998 82879 79744 22844 77682 14997
5811 17
72787 97719 72936 30850 1668 74209 13126 99537 73954 17872 25826 50897 45346 35642 6893 74557 85320
9108 14
21047 45545 85237 14044 5784 10878 87785 42463 44442 2947 3767 97664 69876 67184
7470 11
14340 97382 99819 24953 58776 60595 89688 47689 25892 30834 84931
8958 15
55618 68824 56082 37090 9150 12006 55120 60567 19992 59386 406 60861 37144 63505 35279
897 16
71146 85252 13632 64407 92813 43187 6362 62212 31964 90241 30177 35768 44446 89915 19537 3370
3871 16
68647 29774 60672 2283 86380 6198 36057 93465 67314 98821 52692 67022 38562 34264 83757 93037
521 15
11261 84559 2059 98259 35549 2254 76673 4233 61408 53166 85149 88648 82837 7326 57801
5547 12
35887 5500 83536 77659 89992 79694 9153 71951 77720 50578 49370 3379
7308 16
40867 54440 31752 29482 97823 38808 24479 24598 78871 56598 11678 67249 48460 75913 21713 10896
6636 15
32592 88953 47982 47875 75695 95361 60066 1816 34089 97223 54092 5454 71874 997 42641
9460 13
43007 27752 60724 19632 3868 94677 10043 87181 87693 66906 72555 22338 2404
2848 13
50366 83820 74347 65442 28054 28308 77165 33192 98293 43702 58578 69102 31963
350 12
34408 55647 39345 8204 77936 43238 10810 2565 28363 4757 16689 63551
9316 16
23358 85069 19434 42636 78016 43322 33100 83085 75727 47249 37623 82906 47309 99852 70147 5807
526 14
1491 33981 16735 62761 54307 69570 9200 98157 16110 33586 2504 29292 67485 87714
7038 15
19777 16268 43484 70019 45102 11272 3068 74706 34793 22970 80352 87874 64379 99644 61179
2901 19
55760 71126 16397 85111 32970 34002 13741 58807 88634 12040 67673 94766 32616 55482 25691 20707 19814 6452 21422
1984 9
80178 60456 32744 92038 33105 33464 12902 29613 41551
5357 16
86499 15395 41964 88026 14299 41159 29070 2897 69433 61616 23666 49688 61566 86311 28226 30926
458 17
62355 45076 128 28423 50016 11323 16259 80536 28797 43977 52949 97306 56783 31129 15900 30142 48823
1668 19
77181 54122 17657 77215 21420 97548 71723 40392 46296 45921 67446 88494 58743 55783 24030 36335 9362 44718 80410
3617 12
96141 28124 23200 40209 69277 44752 65327 91049 84356 19089 74355 48872
3586 13
66498 74127 86665 15365 43105 5869 7837 40780 44102 69328 69041 71835 57227
4717 19
79767 12998 49956 26828 28190 81351 61563 61195 43891 67252 68665 86264 3319 51880 36568 29078 2654 65413 56201
4154 13
89968 35994 63752 59035 1117 66068 816 51548 32941 26091 50924 3619 2105
2998 18
87616 26729 14986 59790 42006 1070 54540 12141 31381 26160 88364 71448 95424 13822 41318 31009 16572 3616
9761 12
55044 3750 61586 91986 28058 34675 74259 97684 87866 97918 54689 91084
4618 16
95468 99623 74901 97876 86718 63734 56330 39285 73190 18713 49356 44069 62124 78103 12430 5242
9294 20
57295 33522 87581 59429 54341 48181 37479 747 37909 57516 7009 89243 42870 97076 68640 23597 96726 16973 72711 42080
8222 13
32921 5394 63316 52797 80975 4986 82830 96763 45179 98195 89187 56920 40631
3698 11
24081 29770 82055 8503 32386 68347 18098 64709 3504 32312 91786
6001 17
44179 68073 49955 50160 93593 79986 79879 23407 16340 51208 2465 18285 95049 9506 15542 21401 73661
4631 19
63708 12505 489 6866 74390 80023 85608 40434 15196 56132 52408 66446 49649 98260 9577 43970 49982 80217 80045
1948 16
55184 14595 99273 80843 27621 87494 47299 39560 21302 62011 44627 90682 85158 44912 21221 51547
8177 19
42461 30779 41349 68303 19949 47292 87722 15824 12082 72882 34772 45970 12332 61129 18057 27778 37076 62193 86465
5551 20
30948 61909 35382 69726 99068 29773 42489 12935 2612 96884 53504 46752 2528 25876 40140 49872 42531 16393 82686 2017
5589 14
99825 32515 59009 68026 7436 59911 8447 41680 63705 18607 16716 93461 30920 28172
868 19
4022 26508 48775 19436 4267 38056 55200 42156 89428 50252 50525 98580 17941 44131 47902 52243 20414 71352 24532
6076 15
31939 16963 20161 88709 98737 19881 20059 10124 50101 12702 90393 73316 8076 66935 18577
1504 19
39026 12996 95023 25159 10783 36228 76629 81801 87612 5201 55493 48312 33029 6788 60114 73289 27272 53279 89495
4116 14
10414 41152 70766 36488 14922 67788 30546 43174 61807 19149 28986 52495 40454 9338
6760 18
52244 55458 65570 44692 76560 1126 950 85057 10514 98616 62767 92406 77028 84077 55649 39307 18940 58782
9934 13
74498 50954 12599 42785 13865 61475 48939 31611 33290 76048 85896 40644 62769
9855 19
69233 24583 51479 18568 56073 2999 31629 79077 21342 64392 94033 14014 84226 34698 55738 45533 83257 74200 60258
1349 19
75694 44508 63894 86640 8164 50069 32056 42110 56202 17539 75381 82237 74174 19353 11511 45850 94002 22375 28366
4402 11
4185 77337 31459 28026 47813 94612 15847 56187 92752 59661 12941
3993 14
43520 50285 60365 80554 22861 4313 57768 63237 89549 21837 92861 58199 56292 47019
7143 13
35678 46194 4712 55892 82181 90787 33208 20580 81037 71568 34953 61091 45165
7611 11
56217 11570 71784 72767 30601 31248 38709 77532 18521 47914 53390
4496 12
94856 2210 86869 95947 93963 15628 54582 53580 61278 92646 51627 65932
3720 15
41114 73304 85826 47043 31747 84943 11291 35343 94835 63846 32015 60814 19264 46806 39381
6115 19
7852 61183 37543 15175 20120 30659 87223 25374 31377 28690 77082 8724 68866 1292 63246 46716 74708 83165 63877
2881 11
20498 92110 90360 43130 76033 17468 5967 96993 80716 25536 13893
1397 19
36689 66665 95221 92248 18788 80506 73566 11232 29597 13136 62582 1422 83582 56640 50055 65433 45733 14265 17529
4251 11
93029 60970 41937 49793 7613 80598 15036 80130 16994 95377 46481
9103 10
59467 12231 38012 51298 46179 49435 98080 94900 63709 40936
8384 19
89482 81966 34713 69826 37923 54344 45614 67804 84933 15212 67329 24067 84313 79781 90223 71023 27699 76168 29310
2394 19
29201 9796 36193 12871 20575 6758 73569 95029 43263 25967 63799 1998 83514 36757 96142 40639 94214 34607 47576
694 12
2487 76704 44731 62376 49859 55401 42094 56320 50489 57748 95671 58055
6792 13
17248 60785 56258 37289 2690 52189 3160 5277 74662 28459 71996 7163 29429
3094 11
4876 26457 72753 70804 94442 19811 91141 41836 96483 10417 62188
3027 11
527 26116 55443 30048 72139 94987 7709 686 62107 36246 93498
5193 15
36532 78706 21798 78377 89721 28848 55715 84756 32326 74255 60938 31968 45002 69331 57071
1415 12
18746 11057 35560 83073 89423 67311 77295 12331 86353 59570 60818 36581
1464 11
40376 32384 23162 61212 33607 6964 90673 31005 32197 70201 10968
3947 12
21316 70178 97418 55870 12650 6863 92530 50385 29341 18930 40480 46971
969 15
4938 7644 90538 24281 38137 64681 36205 77890 51351 6800 29407 94144 3560 16352 11375
6772 12
68161 46842 95512 90050 88834 45113 23500 62509 75938 24112 86445 19919
2973 17
75883 61101 27393 18578 99807 33642 12163 78862 48717 34494 37616 14362 14497 33853 98433 69762 34945
7191 14
97099 55622 20961 12118 84098 39828 86154 60405 19977 35312 33140 55252 45325 5609
5426 16
94840 45328 80783 55517 68419 8856 51907 72459 89167 80817 75702 28081 48107 19950 5925 72585
2919 18
43173 43217 35907 41339 86866 22673 36354 832 22402 81202 37464 26334 45296 36953 54171 92778 2194 66105
2510 12
70989 19813 58393 39652 58544 68356 94567 90510 410 51299 88952 20151
8773 11
33557 5104 40334 36647 89908 57468 13380 85276 56192 17779 75291
6355 16
91485 10185 44783 31177 56480 62766 17030 50907 94618 65387 84084 20133 70258 33872 41965 97645
5088 11
1326 26890 50196 61135 71470 59896 17693 22085 16112 92961 71975
3418 15
48325 28143 96870 37794 67750 65342 12207 39322 4314 98243 78891 21134 92780 8222 19757
5896 12
88504 91507 5847 42871 96973 25822 53833 6549 25352 60851 1633 50877
3667 10
84363 31002 62143 88836 41337 18478 13608 69139 67393 80618
3529 9
65857 31928 80431 36293 25057 1810 75927 71227 92291
673 19
65306 74144 4694 20178 97092 92933 42583 59134 93437 44256 29444 96349 50079 72520 46508 17215 58881 37068 73053
2778 16
66600 95839 61039 5981 92159 75312 11107 7237 95289 6688 13424 12271 10732 64301 5212 53630
515 10
50076 86261 6102 88571 73933 54890 14317 50616 14908 89148
8663 11
87246 97554 56195 43539 60655 38608 49876 17711 8726 6134 9850
4430 19
93730 80369 73238 80658 58755 3216 37523 12679 92534 11400 14462 1557 55012 36836 68883 52219 81339 62452 44228
6464 16
8972 19163 7421 42093 88610 51166 66338 84763 7568 70117 37271 42483 73743 71231 58880 78557
6612 17
53430 1584 21810 56700 56585 41036 63998 60509 64075 91424 90289 11996 3698 22393 51976 26840 61274
5999 14
69509 75664 89070 42056 75402 41739 33623 70701 59137 10128 21000 50054 11566 96427
2269 19
96225 60244 79711 21349 48995 54049 16400 96431 24443 25367 27432 37632 7341 54550 83406 77141 36013 68373 13151
498 14
64733 95302 84687 14276 74383 80075 55274 4651 85390 11241 38688 72849 77897 75135
5285 15
83059 17578 39323 84286 71759 31780 669 26087 67607 64457 66260 41032 33018 88880 2419
9124 18
17411 72526 60377 15162 79060 40886 92903 12191 12780 94572 43429 21421 15298 20981 92274 62522 44053 32653
9302 18
35617 38601 85673 43289 85456 83431 8397 16179 6648 20060 46052 24685 15916 22657 39129 31657 23442 44023
7515 11
27885 85042 5656 35357 1370 63763 13034 61005 32430 77803 32060
3290 17
79759 3676 91742 28385 14447 10959 17413 93512 43961 81172 84907 33484 76 18661 90740 82662 23482
6236 20
97316 21997 23755 31748 6736 89011 67257 89773 88550 71100 43916 49075 85494 37495 74537 26472 72514 89336 46152 95663
993 18
83276 81791 2896 3923 62743 61584 76936 1939 96099 82869 98571 73605 73163 98506 93522 15551 5913 37640
1752 20
70743 56345 3907 40002 78980 14089 88425 67044 6294 66285 50923 30714 3970 32922 63175 83265 97137 226 14251 34219
1952 14
41925 96773 80224 42604 90973 61733 63474 33240 31511 57365 43701 91043 71355 12985
5095 15
54888 49580 23429 57603 34202 72588 35743 35594 73565 9341 2442 10740 42635 95402 17113
4001 15
45852 29890 89416 13888 81051 19280 51954 97667 8528 31140 79390 65591 90042 21650 13030
2049 17
20983 79668 8782 75571 13521 60204 9086 49714 13156 32306 22890 35266 8094 98753 3273 58646 8173
3955 16
48400 20670 38251 9607 63838 77965 62354 88248 48803 6022 13169 76480 96437 21980 21941 87897
6246 11
49176 72842 52410 9343 33834 77570 28024 12292 35090 47975 68475
6665 15
90309 15422 20270 49364 14148 67942 96148 31325 21582 50515 88816 60207 78328 35658 94640
9562 9
82933 66324 73374 43028 6065 78801 24074 17388 90086
3050 15
20139 14042 69020 63291 77035 50044 41617 55851 57053 31709 80440 89911 20053 17096 7507
4213 15
16057 29636 47974 20152 46208 9895 66911 26825 79678 28342 94145 77531 24738 84254 94775
438 19
27092 63712 26861 79345 38629 89610 60434 69232 66175 11330 80223 15813 42082 32649 35054 99274 83889 35391 66969
783 17
42106 85759 55062 14838 18165 2958 99706 92020 68715 63943 89896 50900 80409 99401 593 49971 41389
2350 12
19798 36280 36697 60978 20453 31049 92186 79745 70 73379 18392 44605
4160 11
52496 33134 2923 87595 49384 97979 45332 97538 55481 57938 82157
4963 18
42460 31380 44372 39937 99191 36289 67334 21360 13355 61153 62023 21883 32355 47826 28802 34875 28048 99629
3065 15
67243 18806 72236 54699 78668 57986 57157 13897 9538 61023 57679 46943 88681 36925 27791
1269 13
7718 31493 65737 84144 21019 65460 42034 69219 16327 83487 43551 83339 88351
3399 16
76703 61191 22569 19469 35323 48438 37944 36676 64165 31740 40973 82928 74295 10465 35814 28034
8174 16
31207 16501 70524 89563 25361 21511 17294 86736 70808 96761 609 1372 13926 52739 77403 61041
9463 12
4551 5247 33674 20179 21219 77451 42681 71472 12448 69491 30440 43157
6717 19
62589 28162 52310 25539 40088 26392 18904 87993 68371 32544 83653 41992 95454 2492 14982 74352 33661 18367 36096
1630 10
14764 20363 85785 36035 82512 30501 74771 44063 84827 4576
4297 18
5924 35826 50128 596 55765 81533 19612 85081 8519 75660 25838 28652 77693 71757 40342 7838 40293 41818
201 13
9003 10122 37292 59402 97865 71506 16015 55418 45238 71461 41939 22782 36432
7468 12
67830 13598 96293 44624 26244 68262 33073 85876 71658 82111 6968 37412
3921 17
74507 85820 86890 54401 89729 89556 63852 14659 15053 61771 43480 1420 45079 60181 43430 76490 46074
3970 14
3427 37441 32750 80384 55053 90280 2949 55513 84154 88203 81727 58686 74394 1978
4472 12
13360 6311 91501 96709 74212 44076 24982 77229 35070 68847 22 11639
436 17
6619 57743 78386 58907 48725 65951 11589 86715 20540 6930 96497 94503 15140 30423 73634 63990 41981
5968 11
24225 72515 52656 19106 92878 25980 17157 53808 15547 45326 34276
9462 9
60482 15540 72503 79665 59697 89891 45433 56908 68769
1097 10
62296 76006 84461 67248 38974 17246 36934 19570 41182 74675
4914 10
64661 89836 65108 16410 98086 26633 51134 78860 72650 156
3156 17
94725 43827 68184 69169 5883 50115 82727 18056 20300 41314 93278 48445 17659 44433 41816 70022 60921
8534 13
88065 29668 33987 77373 86509 74239 80071 57696 84302 17498 93623 37898 84520
8730 13
17254 54180 38448 3066 97591 95584 70577 99587 28565 78006 99517 80550 29795
7351 17
28531 96421 3102 22850 14182 23973 36168 13311 38075 40042 72391 34023 61674 58439 72240 67279 54109
20 17
56269 99671 68344 54112 21904 70902 46404 6642 83263 60514 17453 92494 37314 54544 88220 45286 79689
9208 11
28476 88985 497 39015 91296 76851 68199 83127 23102 60684 34691
2816 15
38634 89651 48063 89434 43990 1099 55708 81484 98923 14992 28229 73720 45160 22929 10524
8190 15
60097 26622 69522 56861 56899 14996 71017 84964 33263 42732 71534 86973 63055 82179 46345
7056 14
11513 21399 44962 34090 98579 34265 26790 13906 59871 35195 31978 87270 50333 82737
3636 10
80483 95055 84031 72420 39915 14751 81316 9364 63062 94668
5291 15
65915 14817 90668 56315 28149 80916 38170 70384 84620 76501 59522 57167 61936 34906 84149
6538 10
44112 70242 8287 11118 14029 80291 46525 14933 78623 63790
7159 18
84160 4463 38087 66644 99647 18427 79578 130 53138 7829 39578 72887 1623 89347 92431 84649 34573 78410
6470 17
28558 55265 97384 1969 90831 22269 1076 81962 52709 64147 97803 18006 35795 50052 95501 20950 52430
2151 15
27306 66458 18408 43102 90935 81858 94655 89199 57231 21836 32336 42867 12005 67340 61360
270 12
73124 53802 99707 95657 68709 20521 89072 83779 75116 33876 97589 97247
924 10
2345 32869 70719 9573 2009 59119 68117 63681 30692 27088
9667 15
50609 66630 20501 94791 56222 66302 40011 16180 43833 36504 90180 54762 70655 59887 13401
9889 13
29752 55108 71030 39701 32305 47077 28851 99860 70722 33093 75653 17833 75279
5981 15
70177 99955 52751 59199 74969 31851 13949 22909 66557 13581 60168 35899 8497 13890 40538
1844 17
19179 54363 67700 69508 22883 82730 20577 3226 47525 98585 92028 32769 28593 67733 6335 84941 95886
7662 10
58105 93983 92383 53145 28245 47131 97709 94080 81018 27790
5272 17
82744 50995 8396 44610 79790 37519 38740 37339 49264 52185 83652 18631 14946 54677 26000 6228 37152
9013 18
92583 49605 56551 46927 73728 33431 97195 75957 52400 41657 45327 23750 56101 63012 28809 88859 79910 64716
4933 20
38428 79686 17651 1839 12876 20475 84850 79794 93439 23748 8786 26349 23819 14509 92209 67725 26933 94648 39705 20954
3234 13
82700 16414 63563 22305 33830 7000 93421 56990 83097 78255 33474 68210 23146
3199 12
47618 98845 34905 68187 2875 52228 88395 30461 55105 39943 50556 31616
5889 15
56880 21957 92496 196 52052 53753 25503 41564 53887 50516 46453 60145 24905 67023 52847
679 18
93904 42288 28064 66304 56499 38440 90947 63537 85535 1380 5442 39950 38913 10728 5008 98826 76598 8937
3491 19
77477 39672 74566 55230 751 19591 52810 49651 81078 87251 24919 84838 52272 92693 24849 36976 16186 83403 39981
4273 11
73157 25865 67823 42295 7493 9899 13573 75342 19273 50238 67891
4696 11
51178 13021 71248 22119 83870 99763 88240 34933 77041 54663 12829
38 15
8915 10335 51190 21305 5620 40728 92416 45134 21768 40183 97654 96167 734 61902 42521
5983 10
63731 58448 10662 12029 50626 86527 43767 10734 88286 68601
3572 17
4815 25351 52260 71847 36954 65971 7170 86559 58966 11614 92553 83768 57615 56378 89382 60392 61989
3987 13
70107 84063 75163 86824 10272 83090 22648 67400 95453 9082 78045 1696 74591
6197 11
25777 4942 16497 19843 63095 6879 25315 16441 442 60903 25916
8683 15
25176 60422 44385 17992 16759 5972 15613 54414 87996 58644 94739 70123 76224 22774 94313
6972 14
66092 96133 52281 88995 33784 87157 10341 49303 83738 85067 71093 69506 13346 80801
2854 13
21531 66325 48426 41904 82910 94586 50157 88593 1986 6340 67260 85806 49002
2955 13
56386 45602 67929 82628 56846 53844 55897 33459 23994 6516 88160 63230 80141
3194 14
87381 76102 87799 42052 12605 18218 73420 67871 4095 79918 20979 48668 71611 83891
8615 15
28285 87388 93148 96694 20740 38768 27558 53634 45337 92221 53492 45706 6437 60833 36274
9368 15
35333 26343 1751 73662 50940 65338 52200 96881 198 84092 31484 6710 52306 25003 67656
7696 11
14408 43848 82197 29470 24208 1770 55498 69685 58088 44013 35737
3788 19
35027 79613 94641 26619 4613 89924 45294 20704 99265 18810 91594 54710 67305 89413 98751 94356 54384 20309 5704
5703 15
3364 58923 85854 12365 34491 72605 70605 67905 33563 51697 30932 31355 41624 56611 30657
7256 16
2354 25048 12778 36733 65334 13834 86858 5014 50095 10760 65158 8926 41554 24119 25935 33739
1583 11
41484 35160 11536 50676 61582 83539 70635 83788 55081 3175 51661
8412 11
63364 3302 75065 48935 71832 47400 74206 3224 65076 88384 96599
7013 13
65760 16940 2619 30790 58887 97797 45430 28612 36084 21747 67787 16594 55639
7337 10
85797 75684 60899 91868 15734 74817 20821 25456 16969 54175
7329 16
52917 65062 77390 7340 4662 22373 12897 54767 49621 44482 67948 10995 40915 33372 6974 36041
8910 18
13132 19559 81603 22611 26215 35807 83365 55435 42750 4878 56663 87320 32055 92261 94724 43138 97575 61520
4250 20
16418 89315 6612 66035 89802 95498 71909 22377 25963 59754 20049 8404 4060 8999 95329 98758 12544 25688 79679 64845
6644 18
34688 73905 67532 39066 43182 59710 32722 10816 2164 91504 34217 60249 87633 52990 47332 5281 62465 89990
5266 14
45651 97043 26807 18244 7779 17891 69044 77302 13900 75799 65305 46615 22186 32944
4100 12
74854 87147 44205 18176 68742 80240 18669 73240 61020 29972 35103 51164
4490 18
6041 73008 88257 39788 73041 94608 49258 95526 19038 77937 62514 44635 83630 70238 16060 81386 71337 58202
9671 11
90304 27758 92380 77785 68750 78821 55891 12328 18246 76265 32937
678 12
47622 36725 31520 68211 8939 14878 47386 17194 84236 94664 33440 85487
4351 16
55224 46112 69918 38794 16849 79471 74284 63437 11978 46872 91438 12710 29015 62473 19361 39778
6346 11
39747 86061 31839 30385 80243 53784 33365 10844 86457 84554 67514
6023 12
90994 65630 64872 60407 99298 82460 33275 94561 61444 7563 27053 92097
1014 16
37599 46274 65429 74634 27325 7927 77146 19587 41197 30283 76791 21950 67950 74625 33578 62913
7293 13
44087 13465 73884 57054 14763 49885 36429 3704 51647 49312 70986 14667 12574
324 15
33810 49622 45972 92172 72771 10291 4785 65373 11697 77340 66211 97225 71708 52372 65996
5604 20
75707 95456 98019 60539 74267 63423 63689 19539 89538 83291 21085 3229 42354 26512 26363 9978 83808 98615 9206 88745
1736 14
79834 87013 17055 63766 98996 34738 3596 28835 38986 69424 25645 64976 14500 76014
3684 12
65974 75138 15994 38487 66179 50494 3879 13979 52341 64184 73767 81144
1085 16
62317 65959 54841 61092 80169 95588 84303 11454 98300 18908 53453 77679 88890 21633 27081 63683
1773 15
61380 33405 93441 83220 70494 13491 79246 23778 56875 16687 79356 13988 18163 73845 68833
6239 17
10636 45378 40704 79224 50310 72953 31844 16312 77607 94511 27871 635 57560 26885 50373 59596 81944
4681 18
74710 88926 42506 81294 55202 25106 36866 83177 50545 72529 74041 20058 26436 9211 8956 5920 13242 76932
1288 16
65587 73343 31277 72681 96875 68253 76667 44331 45021 75480 58451 17535 48631 6248 34637 23362
2746 16
94130 92342 17972 96044 81792 86804 11870 6172 84885 70366 39339 61610 37813 99148 2760 27449
896 16
11746 72230 95797 56854 27111 91672 23617 43258 31190 17942 55381 73411 65633 84771 51615 10622
2115 18
99988 54155 36470 62652 72783 3811 82299 50089 44940 40196 67550 99970 30329 70698 56731 631 56546 57393
7450 10
78642 15695 42922 91580 87177 23131 3796 33548 97960 22218
6285 14
83809 86974 32485 24073 62169 86520 14578 93151 94245 41241 10521 96251 26159 10892
2159 14
20067 47592 4601 99497 26220 3137 37790 5738 73915 11073 7283 42551 5075 95876
4097 13
8825 35897 76441 58574 79743 68106 15629 75944 75174 81083 52444 43288 50909
8016 13
36586 51612 29307 3835 19324 6537 6215 60319 52708 24510 44300 38343 54978
461 17
83538 50539 19242 50918 32445 47097 47155 8756 47118 79697 33194 88031 47063 42774 43121 37561 39768
5076 18
4276 86242 10279 61896 91725 69382 6149 54394 88867 86919 75343 58890 31972 71239 84936 95265 5897 53659
5723 17
64924 43470 10708 59787 99295 62640 38632 38371 24408 94210 92131 68205 30312 63477 57518 12861 71578
6086 12
18590 70427 36609 49150 62948 28780 6661 49256 23985 60980 54036 32128
1033 8
80585 35336 54274 32089 59925 35570 1227 22592
7702 20
129 5790 9761 81986 45200 57316 89217 84473 8305 95141 77442 68778 23592 10293 22798 42188 29319 69145 44954 44431
4772 12
48141 56268 20258 73300 10587 52198 57075 15021 61067 80451 5871 14058
71 11
75318 40430 62816 75600 39726 65594 48167 6349 74881 85486 70663
7975 19
36179 5211 70037 34605 69390 59175 9242 62832 40404 20873 3073 37579 98766 25559 61299 83556 52789 24213 72722
3078 10
62238 32264 38367 29391 42488 17749 83954 51436 40235 71149
2504 16
24035 58878 48916 67989 370 95592 7223 56410 83227 86931 70525 33155 53082 34013 22770 449
8148 16
33056 14128 90519 92203 78940 13337 7387 8749 74372 94396 38314 61448 65106 80619 798 77328
7010 13
9494 7866 33506 88013 6527 76992 84419 36326 32844 73618 76342 50049 3374
6374 12
96364 39290 29970 61458 73713 46438 18203 3336 74859 82233 19661 90465
4661 13
51616 3276 429 97597 10589 42756 84872 13396 81821 81257 21867 72713 17597
3729 11
45274 11564 52186 62809 92769 25485 83971 15581 95081 91787 2650
2250 13
70257 84817 95542 3737 3417 54812 87037 19243 14779 68845 87671 10297 38008
997 13
56307 67812 4179 17065 54125 588 21592 83437 19900 16160 7654 66675 24588
1224 11
70152 625 16614 46850 70091 7351 61704 23191 45202 56486 40119
2364 14
80280 16137 7771 60885 70594 79560 8234 20065 76253 48163 39597 76841 7956 25067
8388 16
97776 70556 693 40309 55489 25618 93683 5630 73436 47698 93028 65980 57484 60592 92996 7524
8858 16
32555 88898 99019 1147 9267 79921 13232 86450 17356 52613 63679 65065 42378 6962 60132 27458
651 12
42721 66517 20267 56654 63256 87609 46527 85449 47205 73341 3188 90403
4544 12
18326 98404 11467 58307 16494 60387 72805 17865 28392 3786 54207 87227
3764 20
4642 76664 6290 33508 69806 84960 89748 26712 60695 75741 86064 6181 95518 71135 56429 69583 85103 60792 83190 51167
5642 12
66818 79255 61093 12160 49797 14285 8433 72079 48781 35781 94043 93260
111 14
97759 78382 8792 45472 79430 40466 1559 61427 15253 20320 55457 38153 1692 70445
4637 18
20123 89102 58115 89342 54237 67409 96659 48895 72198 78679 50684 59528 16353 95262 46712 26142 28299 63609
8691 19
59290 11153 15371 85175 29434 55714 78715 50247 78477 15480 18437 87419 35565 80049 55052 33992 1012 46058 48126
5339 18
12125 21895 42866 68007 57166 40789 58639 11166 82022 56296 57668 72427 61805 93773 97317 63380 8649 74857
9061 10
36314 42091 97493 6237 40717 34454 47228 14719 6623 97758
7285 13
24772 65547 81492 83724 69891 74374 5389 73564 11089 26738 89313 63576 40018
8149 10
88199 42728 46288 11281 39297 59349 71560 87508 79950 16863
6550 19
16395 57527 85050 57286 80912 33058 12759 63103 93066 7958 97857 11530 65313 49892 31067 35700 10051 97138 94970
9927 11
79254 75180 87095 6495 6861 30544 25242 79480 62499 62049 15046
6202 13
88430 26051 32439 81666 18657 92835 37978 69527 70036 73534 3489 47571 35878
8518 11
48724 1534 97315 22438 11461 41806 97852 92374 56852 38231 85977
8050 16
78373 3975 63265 36105 24179 813 12728 63540 70363 50751 39647 37194 42059 18693 93694 68239
2097 16
84576 35119 72902 19472 30639 55915 70408 95184 58614 99396 59220 56512 36914 4479 13950 71974
4614 12
76366 32798 90052 44479 96201 11040 80231 6797 92694 38614 59414 4248
1800 12
81760 37546 75484 62440 88329 97417 31341 39404 29997 24025 51532 62554
1348 16
81953 55706 9142 73329 90943 56091 10838 65834 41574 27379 6111 58518 39422 13098 53262 19371
5912 16
4145 96622 55233 13665 35156 36075 17694 56772 14229 99381 63121 88435 7871 77245 15943 58401
5851 20
16980 50129 21719 99002 35601 21555 3163 85653 45502 95728 17291 12513 30381 56563 87530 21720 23556 3982 79965 8445
9255 13
10121 87929 69499 33025 19731 29485 1875 40739 14871 12490 54473 17705 80757
1201 20
99899 33482 66837 26759 84256 6471 8585 93111 8851 34078 4850 63192 99331 33588 91106 28933 48464 58677 16196 78818
4277 17
15890 88908 99806 76576 46843 43504 93834 41002 76239 59812 21120 50526 5683 34590 43436 87780 1840
9540 10
99580 15073 3354 15348 34381 22506 40796 69550 76067 64100
8409 16
66290 86197 59291 65606 38604 98392 38887 69191 30021 64630 10599 56398 16772 19868 70955 82810
9096 11
35543 91376 85824 30748 37806 83646 37455 41134 95825 38478 22767
9564 16
69604 36491 89514 92259 87438 94564 77329 56167 70424 47827 4400 65091 38194 32607 39193 78145
4284 16
40266 95026 76024 91306 84059 4492 99442 79501 94524 33387 74488 39219 23103 79590 72299 20698
5532 15
99553 8841 56444 70554 4594 81458 84803 20449 76154 45150 36759 75618 58431 9624 77124
2339 17
676 63521 31604 16402 98479 5851 73062 13989 88562 82212 48621 93801 55998 86162 65811 69216 95783
9315 10
32713 85557 6 915 2485 66798 45363 96890 57019 13578
4556 17
56560 64604 91644 76785 33926 54089 74165 64985 972 45034 15115 43049 37414 36222 57800 40510 32157
490 12
104 24207 53040 737 44257 97000 5411 39605 30696 60348 10519 88188
4278 15
95136 54399 20348 4872 84134 67135 71572 86558 25988 25418 71948 89993 60842 1017 99700
2252 20
6297 75086 54837 28909 12246 14864 66032 37181 45591 45813 98116 61904 98399 5275 43402 68416 48674 17897 20491 94128
8848 11
88061 36789 31345 15262 23014 86770 1925 52782 86294 24353 75239
6423 18
29438 92164 9657 28524 23991 83681 10228 59936 64766 51462 7116 60935 95909 95350 40246 18339 6832 16915
6079 15
10997 49798 49 72673 97034 61223 26665 12844 22024 76709 77000 80276 16853 15659 81771
8931 17
79669 64479 51296 73278 14270 99045 48430 68618 9389 85129 30542 95780 19568 5681 46470 73422 44975
1425 10
61665 71125 74693 44715 82434 55771 24556 90989 74273 68541
7148 15
52590 51731 50825 48396 71260 71203 43448 15901 4474 3013 52707 13913 8543 49863 32426
4252 19
34069 51077 69466 56397 41155 28200 6511 58654 48475 87121 73169 92372 73659 26067 62340 72729 86957 19213 73224
9461 14
1827 29586 35751 44422 63315 87140 40090 4073 78587 19856 8414 40413 87580 9925
8390 20
44742 90497 93150 9561 18962 65036 27709 17788 83316 52167 56049 90866 1030 87760 49743 60519 48266 42303 32568 70232
6966 13
90600 910 60828 16670 60597 19073 15390 94353 39549 38473 7993 31074 5047
8644 15
30861 34444 53074 26767 87213 34877 23452 89898 68386 51062 22724 76680 73627 89846 35464
1679 14
20174 72933 89694 44342 96725 57066 6282 91367 90049 25432 68538 19995 28976 51344
3267 17
34595 91120 31974 16456 32751 61801 37906 30344 54747 6432 74502 39327 32154 21116 74437 19951 31347
918 13
67123 50540 51025 92080 12247 26656 3345 49856 86026 48558 76152 50606 26806
3553 10
56077 18201 17902 5665 10148 77845 64438 85269 34662 50288
88 17
96717 16004 83687 85299 8235 42841 15842 28074 95943 87879 30039 16584 13921 83567 64710 71517 92257
7258 14
51793 60285 33015 9938 79404 83588 77350 66192 53365 73383 79746 66786 49014 13832
25 13
87370 26816 5898 28562 87786 60620 79583 14449 97951 8959 31263 16523 69060
8869 13
36087 13964 87161 49369 82758 38328 53509 52124 9550 25250 27848 62772 50700
8818 13
40659 36626 18827 86782 27965 294 95488 2506 70211 98773 94583 42040 62386
9239 18
25718 56230 52478 93009 6812 86429 34855 55016 75646 35547 12123 65093 95095 6754 24764 73807 97260 78515
2257 11
44184 26567 83071 24086 35380 49709 53545 97877 8041 92596 37279
1886 12
16148 76267 19375 77196 56011 27423 24943 18501 99025 69917 90527 23337
1682 11
67791 4814 64179 30759 78983 53116 15285 3620 71806 21978 95196
8261 12
52458 36050 13211 93877 78430 91973 4423 14258 1120 4281 52714 69785
3874 14
97819 7225 95847 78658 59962 9095 51644 1910 99161 97508 59828 87298 92240 47125
5 13
69906 34776 41431 62891 83777 31929 86009 14459 98759 47081 70553 30091 90613
3254 18
83955 57953 2431 39232 73371 34267 31018 42335 36659 91770 9197 37406 31947 73943 31863 7625 67333 16018
3730 10
54628 69943 86078 40837 77932 87049 12766 68549 71144 53438
4030 10
75412 91076 29839 40679 79646 16822 77577 86330 82056 79414
257 11
47090 10011 88115 50651 35009 43841 23752 30468 48541 7848 40565
6289 10
63421 757 37646 80833 9609 67445 25275 93353 11857 24167
5269 18
63780 84148 79595 34903 41417 66959 61193 55893 24854 50139 9236 86823 39365 7929 5257 26048 38405 27223
5926 15
59526 18542 34786 66234 87561 33209 71833 97132 52752 86784 69838 40395 78639 78192 35943
2214 16
51556 75024 69665 94368 88742 59288 36172 45646 59437 21223 25274 69006 37980 64376 5449 6515
9596 17
83441 58817 6407 24317 74803 52255 36722 83745 350 82845 62020 70628 46877 36022 92897 28257 68283
3074 18
75486 61127 61306 63173 40967 24574 21746 88537 45069 28384 92498 32454 1016 81360 88267 37009 82820 26264
6537 10
62561 93851 89357 31147 16189 49660 34347 17495 33790 47626
2703 16
68548 59556 35062 70683 96945 48793 22680 97736 50817 35603 56131 77725 35143 75411 33571 76451
517 20
74050 49599 3476 57333 73642 54076 45419 21012 81806 47947 60630 79584 30055 54503 74245 89982 90605 4500 46862 41481
6891 12
14699 9329 21649 43761 20928 9451 6461 56573 75143 88505 2323 45402
3998 12
53876 91337 89508 64979 97779 88054 71934 57688 4051 94628 19932 30958
3891 16
86807 47052 42805 45174 27807 17549 46221 69713 92040 5875 21847 64916 36064 77393 96200 70328
4922 13
60538 93787 34812 93774 25913 80026 80257 81163 62477 83201 98603 49962 96621
5175 12
15654 6659 57263 31419 51604 74994 81030 12890 29872 70139 886 34740
5668 11
41952 6203 64684 37264 60769 66577 50980 16157 96666 78751 51313
6029 18
3780 83137 83667 55830 88249 86811 20803 6174 15123 11396 19924 9711 93137 96859 75020 48449 90447 85567
2552 10
85285 6884 93487 8988 53016 682 52282 56745 8695 58300
4986 16
82988 3255 63605 40128 1414 20097 99737 6363 40099 25224 54419 44980 36753 22541 66917 52927
8093 16
18541 35669 39976 93112 46747 22993 97945 11320 5675 17236 3141 1934 34533 70998 53286 89863
7822 12
86967 75535 45966 15773 70296 48849 51399 550 77976 66124 20701 74828
2675 12
91568 20321 38806 87522 928 27564 50380 17293 75092 76632 82203 61797
7260 10
62922 28277 37186 28791 79268 64404 44236 67454 72479 88076
8843 13
41879 26685 78685 30128 56130 41602 82538 39604 58949 50624 51046 75867 62185
576 12
47697 35571 22253 68442 30843 16664 35371 39389 58222 61498 96841 27135
7107 17
7865 34814 1787 3172 99389 75126 14179 5810 36800 78077 52873 55079 31035 91134 21113 3106 92792
5530 19
38569 19170 81028 76723 78721 36305 59019 15173 71384 3036 6221 70492 8809 94165 1436 95967 81846 28038 59366
2824 12
91273 87607 59793 10632 14508 46614 7772 52131 72587 55607 97295 55254
9641 15
79147 22138 78078 79482 91071 77591 46240 52231 85065 56583 39752 90634 13853 91498 95066
5712 11
26306 57198 23199 32655 65409 38714 3449 77170 44794 5529 79116
7601 13
89117 83421 4908 31394 16892 44649 48744 30420 9712 51149 77438 60839 70028
2743 12
61905 27303 23235 31334 57184 21263 8141 36887 5936 89395 5732 26435
3997 13
27923 80548 5721 96706 77846 91338 59100 51323 61833 19091 95705 58924 17696
3406 20
91345 33196 36740 2838 66604 84299 82683 77535 86556 37390 3749 53507 82917 55139 2525 67680 86708 28551 39556 22649
1771 16
51469 66674 6126 98109 51819 59283 80587 95955 73579 9148 2411 96817 6637 47898 11951 46295
7084 11
38219 50476 70667 93825 55157 38327 47433 39056 25547 25638 16320
7804 13
55552 3827 30785 79845 50894 51995 90637 72232 30002 42228 65230 40986 10549
3472 12
99557 1105 59977 587 35120 3501 92424 54738 28175 15701 95870 98875
5172 20
32583 5955 67828 24432 8430 45727 71104 863 22553 40985 57587 52564 17102 6742 52269 70466 78612 4624 57499 51447
8198 14
92622 96298 10738 3079 12267 48942 79594 41823 88933 59495 66286 58483 51113 26204
6609 17
6635 17782 91760 34525 44884 8037 40813 76612 84281 20546 69910 64281 73426 78614 22173 26726 80532
8649 13
45589 53719 81110 94712 25295 89830 30396 89832 26555 68823 61716 62417 33636
6057 9
67348 58911 92341 72172 98002 82939 30803 23430 16604
599 19
87928 87674 77534 25834 20019 23800 91700 95277 78333 70241 2772 89722 11155 12746 86730 56373 84613 77874 65840
1489 10
89091 40236 98757 6539 10960 68669 18780 96446 84676 16618
4749 14
26268 13811 57605 21535 44007 56596 82221 75299 16155 39743 3103 38677 1428 81797
1420 19
84686 1597 82035 39276 80524 46426 24401 24206 11526 20791 89894 74425 88102 28783 72371 18028 26410 27803 76512
7726 18
85737 26720 44950 44524 65491 52019 91734 51359 43404 82992 63936 29087 88213 9587 61424 84050 79952 27
6378 10
85709 63749 73365 77298 11653 49726 25257 36286 2759 50575
3859 15
17275 76163 24656 51337 50188 22248 61686 67990 40901 90034 67860 84076 53180 30049 13583
237 13
62161 95786 12804 7343 82791 80910 31849 86725 67478 73477 88352 91842 48154
3249 11
88941 3663 40332 71565 15034 43979 65414 32287 18043 41500 1549
7755 11
10059 36466 8982 64581 60014 19806 33371 41405 55723 8084 54764
6160 18
49541 15317 36114 45193 2481 49224 61955 74843 97478 91220 92697 37344 77372 95690 58977 6857 42223 88124
5570 12
34564 53948 85598 17818 36077 47429 87562 73603 50259 63811 93673 53291
4303 12
87206 56952 26137 15713 63926 47168 97744 29590 31098 96212 37729 67719
4817 14
38858 11129 48229 88560 71596 54216 30252 15645 69823 86077 89661 42036 94199 73641
6984 15
15373 5775 40224 17785 11186 71430 3119 44630 21336 4356 38064 96671 36779 80484 62488
1527 8
78014 27382 56456 61821 77085 57432 69549 35749
3628 9
44963 25626 32745 1000 70186 22327 10089 28325 33758
6708 16
60358 25097 4332 68926 49812 1616 65529 77942 74189 13767 3164 41018 46731 37840 33847 86005
6314 17
62765 28450 24415 83103 54430 55216 80367 51302 89015 75 11219 90467 6555 94703 85291 93868 69453
1172 10
73063 5600 73560 43743 39355 53936 53813 25746 4972 5986
1721 16
49144 46182 979 6368 29998 45900 1271 13436 9681 75648 26762 12706 92021 66601 1328 96680
699 18
56321 34845 57289 48721 21691 2040 67302 49052 74873 89322 28292 54313 94146 82912 92304 7888 32827 23773
1601 14
98568 39225 21338 40625 77556 97871 86336 80302 7951 44328 48156 24960 8350 1408
8500 12
23353 68598 38208 75993 78172 72094 66287 50552 49449 34663 50246 4195
8673 16
90983 55022 66372 5764 49139 42713 39802 55372 2635 65759 26241 41820 85016 30594 19193 36169
9543 10
66348 2995 16737 61793 82555 79223 33083 44427 52330 16300
2089 11
90595 41311 65452 35134 79692 90061 80168 89998 50096 70459 54279
7673 15
63693 50561 68285 64448 85973 99132 6644 33619 52006 82362 86700 3346 79896 94684 94213
4406 16
95250 56138 98381 19981 93480 75602 83932 27419 58691 79146 85131 52839 34718 35493 13387 95558
3301 19
70229 35755 17449 71697 87044 2972 92476 19556 38908 4947 4023 40547 16442 8738 19561 31788 1990 89106 25109
1843 12
28056 87532 52837 60475 36624 92956 43019 20750 54642 79895 55459 76691
8303 10
99530 10372 38797 97887 86922 34574 15817 65494 75871 74081
4236 18
56437 82187 96879 18658 64831 19151 53937 8349 8116 87281 93326 87071 57619 5946 59741 48622 71976 18928
3220 15
50392 57394 54061 37185 47995 24106 64952 82464 20613 8025 54555 90438 94160 19603 8620
1671 15
60089 3125 57973 79097 21087 16696 86694 69239 19287 69330 63207 88014 90169 9741 1780
34 15
83619 97750 22903 95869 66243 78776 27800 94768 88521 37051 6351 54026 34868 58167 89682
4398 14
68863 81038 37258 58223 29501 72267 59341 65777 6175 79383 75088 59630 91995 29918
335 12
96982 14122 29236 76675 37203 94501 67888 93125 80480 37895 51965 47002
3632 12
23357 91017 46997 94062 31648 64088 55839 60329 56974 73286 34962 42140
320 10
338 41305 76245 17918 12364 38859 49966 39993 2459 33873
1743 19
24247 80002 12481 34912 68503 9692 76602 87627 50948 89597 12591 11480 23004 23621 50750 94296 24269 29366 65475
8316 9
16936 88459 35067 50564 15930 90133 71145 57841 47223
4810 14
98001 7430 63219 4283 26100 6652 72468 74749 50133 43072 10910 22933 38517 53927
3394 13
93786 64967 41598 2863 58482 10938 10310 98924 81118 95135 54203 15939 39436
2348 13
67609 71503 97491 91167 93827 84845 97489 72651 92914 8266 46751 75198 29342
470 18
72346 65050 42465 72655 54586 60568 84652 30681 34263 84978 84614 85789 7128 71140 75916 50532 34110 58852
8572 18
83108 35534 54514 64529 29877 99978 82427 88489 11908 93536 69201 96767 91093 61981 22464 23157 5616 12537
5143 11
5084 59519 84398 26250 69602 10096 36913 69451 62203 25487 53407
9102 10
52292 82064 12184 13816 60543 77538 65295 63869 22801 51939
8469 12
33410 22699 13441 75818 37793 24901 88438 78166 8638 39953 90160 44776
3708 18
58657 70782 90844 20149 68448 70739 80897 62570 79985 9115 91434 26006 57344 41962 83868 91748 52573 42834
4011 15
37512 84344 95834 25444 71497 19886 64750 45199 27333 62780 91863 93247 27377 17556 56544
3174 11
72204 99106 51774 46174 76063 15100 19332 55243 40849 23790 97211
3605 19
42192 98521 83853 27779 65603 25793 31578 72147 68443 87257 23769 90870 94252 66554 61346 45987 13642 83102 8975
682 15
44613 97980 84194 3557 67458 75338 33000 68424 90207 93357 57490 32681 47847 88473 6927
2233 15
24127 18621 24448 18383 23356 7800 72735 66997 61160 23838 52084 40443 10891 98684 48851
5275 10
31676 55123 70236 75607 84575 25720 86193 20814 9625 20378
9906 14
39590 59724 21823 42280 80751 45726 94805 10290 77875 51599 484 28601 11028 23455
762 14
28869 85062 93057 69031 25196 29384 90196 99206 11959 51630 28259 49549 48726 13525
3775 9
2655 853 61795 70629 51345 29432 69614 26001 44989
5169 17
79585 55356 84648 60266 66741 32860 96286 29783 7598 56605 81107 9265 49902 31372 12931 77688 94276
8951 10
76806 41158 65174 84563 20901 9708 6716 39877 14094 42317
9873 17
96284 13861 786 46637 69151 69032 95099 45056 12600 31850 21049 4663 83456 34943 71994 43377 75357
7677 11
89548 14827 69492 4266 10181 71593 68984 89668 33828 34890 22675
1413 11
91577 53368 71655 84823 23158 82723 33618 1026 25132 81681 59339
8193 10
62098 5237 55811 41233 43582 37120 1852 16017 25115 66450
2533 11
30416 48486 84136 39352 12477 94798 39974 82630 98282 57288 23670
932 10
57116 74371 75396 50284 66390 2909 46854 52318 1991 60252
4317 16
97703 18274 14658 98941 25723 9492 14472 16708 82251 57025 78053 63654 35306 83510 36099 77947
9676 14
89472 96170 94138 16635 52718 14940 24654 24519 14601 70745 43234 68280 92518 93929
4169 9
70815 11041 56482 440 28697 5064 26594 57287 55050
7505 11
56146 52704 14061 35073 30327 26447 11782 41195 67902 68357 57552
9303 10
34030 2708 29019 45713 86952 2997 68758 74115 78736 32918
8586 13
10523 72661 97068 72500 95205 48353 34679 99515 21071 23871 62142 91898 57052
2544 9
33659 37345 61523 43933 49617 64936 68213 58985 17663
5104 9
64858 83748 88839 37333 15796 78500 26058 89429 61992
5317 10
77394 64468 15637 8016 3624 82990 76391 22543 63086 64764
7571 17
98311 92146 35514 94825 38860 20278 50211 46106 25497 14527 77627 84042 78861 14748 86307 32320 47873
684 16
63941 17968 78566 90353 7471 29962 76404 77143 62168 18534 3569 89530 96289 47959 59709 76599
3559 8
19531 71514 80983 75645 29299 6664 42400 76341
9050 19
78140 58266 8051 77321 3889 15685 6413 36869 71952 48854 69708 23599 49814 1448 74653 66215 88542 88577 17366
8862 17
48111 92624 32601 4895 95183 10058 61649 85213 95484 13733 95974 80888 51933 40222 22413 61951 64911
5439 19
51725 838 62001 86027 92296 10570 20181 80092 11942 17824 24440 75089 69698 86206 49521 21990 60442 74913 96330
8577 14
48014 41585 96963 43763 66657 53749 45768 49567 49179 96314 44684 16350 65165 98163
1430 15
77859 89197 222 26965 65702 18858 37841 68892 15871 53609 7282 7339 86408 2531 52734
3937 13
49214 80937 9640 43555 7363 9537 40054 80665 1859 80435 90046 63472 62823
3402 16
51228 17988 75387 10026 16323 36767 81827 7899 46430 90872 11416 27345 26356 27412 72049 24221
3297 9
1363 15174 90370 16592 44793 25841 6127 846 47166
6137 14
30085 73726 53930 74131 11968 84257 39948 87126 94337 29301 20860 93606 2745 49339
9173 15
25082 98386 20583 5107 45032 91665 325 90896 83756 56849 92339 58756 63851 1298 65662
2264 10
50153 30429 14017 49431 94828 38533 41707 72784 37503 16590
4089 16
8625 90666 17923 51237 44781 28599 80200 73313 10863 41204 99157 92034 33144 18207 81364 23728
9624 14
65292 4868 94716 77579 21005 36330 57375 64194 9731 55523 67997 79526 32801 9714
3262 11
4360 6771 12097 85357 1965 52486 7047 30813 33764 16906 76096
9788 14
3760 7586 66593 52534 26399 40467 95694 97895 98038 48924 68528 93478 39108 23507
5306 10
56260 18399 83 88009 93841 13851 97451 8506 39121 24968
6155 10
57471 18007 32778 76335 74078 46859 17602 22876 69690 24398
7164 17
43695 32675 4667 89788 59655 92743 11969 26683 1665 11250 51026 22616 11034 93598 46932 51927 88532
9488 19
65138 2066 69093 64962 83841 56445 68383 6478 29148 84273 38918 46060 88831 54925 28230 15888 48457 65239 35734
7160 9
98047 47715 23802 77358 2966 34259 98560 52041 22351
7926 15
72866 37555 10932 98060 21307 30372 82307 91739 23307 96734 69405 24277 80345 8243 10129
9797 17
9823 94156 50621 52045 31556 91869 31216 45942 93826 51079 88882 21164 20576 32109 33849 4103 83705
7985 16
80493 56341 33118 16010 55560 87738 13931 92409 70264 2 53066 74395 45443 26172 89738 16292
2453 11
59745 74740 48951 90580 3961 60994 28070 14007 60801 57985 85373
1497 15
50078 35165 41685 42187 37682 31598 86723 12836 99669 47872 7947 27689 66792 69302 72508
3397 16
49623 9953 32500 73559 82094 85385 95735 62346 88401 24807 96665 93445 71886 80808 2664 42399
8108 10
54584 43037 27661 17390 79593 50028 90571 40497 66980 42241
1079 14
64083 40718 95561 96464 3488 29138 27318 15785 76101 80081 77773 21394 68314 62543
7072 19
72820 97556 96889 90714 14344 28666 73842 80706 26289 52746 23931 95521 60880 96718 3659 39286 17708 95736 23190
2211 10
82406 85137 61999 2843 67190 50477 56856 9819 58293 66300
3112 9
85324 45668 14404 88333 91109 31194 88931 28722 43657
5151 12
17021 35564 90489 22371 11036 49904 17298 83562 31472 21004 56578 64637
3787 12
76474 96623 62463 10160 69375 22520 94413 43803 33458 73811 62970 64987
9505 11
61134 14852 67620 61376 91610 3604 89049 82550 32170 25253 9010
241 10
56842 21992 47744 16760 62087 96547 82814 31992 76148 38875
548 14
53466 87470 28077 74869 30740 32263 95358 87751 71669 47559 54149 52961 84013 4373
746 12
79365 43748 52203 90779 79867 73907 52454 16373 20325 96218 191 48407
8420 10
80426 48734 59372 1594 72041 18774 10560 54571 19619 35923
5957 19
69754 11601 15857 41798 56863 38263 7362 45400 30236 4178 92937 16538 69655 14059 9519 16118 73285 93648 12683
1966 16
42289 8523 44201 18759 83275 14222 57809 78308 51362 83505 22877 89946 32503 79121 69105 96754
6199 15
87878 57607 68499 36955 22697 65090 29741 65281 1336 96845 44224 84358 22032 13104 38996
1127 14
82050 69284 76041 28183 94443 27129 53352 42685 86471 24027 93312 59506 90301 98884
9286 17
99937 78822 61292 91755 33249 27276 4490 5441 12145 43336 44411 66849 87900 26962 86477 50225 26395
2898 12
96321 40590 69486 8979 73496 31889 26924 39434 18833 3733 27128 4151
9139 14
93889 84966 87919 23623 58246 14898 71303 10873 95334 9723 33621 42268 72003 64792
3340 16
33191 46621 45755 64382 34884 66710 7453 37866 76201 8177 77225 23964 54815 96673 82696 89643
5299 11
24657 26872 79448 60588 86125 30447 50784 55542 98286 93645 54506
9956 12
51185 39065 86895 882 32066 26478 46911 83481 38387 97509 73679 84525
6662 14
65002 63706 95718 11990 77505 59662 67410 53378 2576 22401 46197 64323 44556 33638
4431 18
14772 38796 57498 79125 45797 55444 18859 27275 74076 5799 86464 91132 17664 41381 63847 60032 28784 55114
666 17
74264 25193 14885 36233 92957 2834 67875 13783 58181 57487 6572 14705 26993 21912 30881 99567 9951
483 17
32841 23936 85773 33160 31641 60976 13374 95567 64702 76401 96505 55175 72158 28793 6826 31983 22428
7026 16
2780 59233 28224 47326 36760 33688 45019 21756 7860 6916 75105 34018 40458 71221 89158 23830
9783 14
69770 31438 87201 60789 99879 17646 58707 39361 59326 22658 41426 49852 99054 93885
3965 9
5330 38261 21025 78890 91966 25041 14839 87327 51842
3957 14
7543 47833 62852 51680 66732 51174 80855 57425 94704 69539 35096 31778 59251 58342
5147 16
72695 4505 5397 98183 88450 11510 3587 44093 62803 35705 76297 72544 25915 53547 7494 22453
184 18
19888 33146 98043 87278 21874 34924 71043 56326 31799 33259 29786 66491 41179 30330 69535 64993 80850 33542
26 11
33647 21296 38644 55793 79353 36834 89591 28825 57812 31193 18513
3455 15
86518 15838 57182 88309 66719 26454 82940 90561 59195 26094 51264 25114 68755 33632 30918
1756 17
57180 95040 64523 79460 25855 39911 19767 4896 74094 50938 19765 24855 40388 7858 13012 16919 37752
1094 17
62567 23611 29762 69908 34239 47668 2975 2012 71580 41272 16182 30743 59657 68387 8740 66739 67254
8249 11
3773 34308 57437 38780 65543 92133 96403 28731 91503 47985 37418
7564 14
50779 15735 80929 13484 1101 17103 37330 31824 37631 20135 41308 82152 80755 55770
5420 15
30188 91044 58036 9063 61901 49151 29580 55451 41558 60166 46153 61732 81301 8032 70074
2434 16
38988 43721 73658 33774 20481 88569 26434 66377 42422 73924 29508 93848 82765 87770 92955 65033
1656 18
97291 65224 23470 60616 37811 43936 44711 1053 24609 72509 86226 87475 88168 25507 61273 19251 35245 93771
1314 19
52882 46120 89598 87717 38917 11205 29706 12496 3071 55018 20714 39692 24981 97131 52397 66611 39913 64889 63642
1312 13
21877 98272 9898 69652 7271 2571 93741 15350 99615 30730 80561 18935 16507
3252 15
99535 45418 53769 4770 62024 59604 48502 19691 34047 42389 47058 64590 73258 48006 39908
3316 11
8319 75904 78630 68023 95620 52749 87574 32016 7725 5113 71855
404 9
40777 27476 80322 71675 70370 1393 47775 66309 70148
6994 13
9219 96668 65385 61296 96372 38396 28872 97023 12043 68834 22087 44973 83743
7869 16
81064 17469 79648 19458 31536 52757 29222 2088 48235 23022 42010 62230 42863 38105 62892 23714
8092 14
54982 73349 55186 25584 58423 27702 43953 77723 36132 55335 51726 46028 11455 58090
8606 13
86372 97013 8163 62608 34083 2235 27312 4646 23292 45505 7285 4860 35088
7621 8
54070 20930 3490 14524 33046 18660 49166 83304
87 14
28830 44709 25699 50554 78681 85988 50480 41079 27257 34907 57561 2467 5534 71808
8838 19
85036 2611 68477 13303 44964 90146 22781 7292 4993 1276 65952 46113 83446 2151 59702 68940 86787 49823 49997
6111 14
5908 6167 59598 82659 23883 40663 67722 55583 4504 59842 48983 26269 5309 20841
2670 11
69200 61752 39426 89242 87329 85795 82671 88535 97775 20137 36386
4953 9
28393 29864 94086 850 55370 34441 32134 67874 35799
3139 13
37825 42701 71431 31857 53065 38151 82019 89733 31626 30075 89178 39342 10883
7584 15
17949 92705 71995 62506 23420 86386 18981 51486 1783 64265 72986 21488 8135 99672 39153
608 11
5002 30618 29875 72032 59698 24148 6972 90112 2756 51100 33098
2667 14
97018 65041 77113 77697 79793 54198 51417 17044 24431 65245 52824 59392 19866 1252
5305 18
6778 89914 36309 77186 43830 70001 11876 19571 69757 23796 23882 86953 99155 47738 82840 40781 41062 43610
6299 11
37835 756 92565 11206 26663 88770 5192 27430 34082 26214 70426
5948 13
73319 94212 50950 84791 33742 21026 28857 37934 57115 62993 4378 42117 80915
3613 20
21856 63209 31038 19254 27244 25581 26915 77609 91166 28634 4368 68941 44158 64790 14696 4461 55759 30742 43355 37763
9800 20
87909 29173 65584 84088 16573 4382 27170 23887 42314 62235 97820 72334 83343 72219 39110 62670 50977 37308 21735 29458
3759 11
20398 81319 40220 39390 98176 27828 78461 28921 70881 98039 9966
8921 9
822 27436 91586 78826 57536 12149 12120 71546 21669
853 18
26715 22336 78235 11000 57405 13958 12851 29122 89060 32916 35198 28523 56000 83199 32160 59277 91403 6295
4245 11
51737 58098 95230 30999 62112 1261 13249 30077 27749 13323 47418
1017 12
2614 21261 90161 30801 67389 25215 24481 97303 9129 60424 79830 55008
7562 9
78604 79236 71421 23574 58328 445 10861 94315 29837
3791 11
24097 61984 90794 34366 52820 23402 97158 86576 80437 59721 91840
5752 16
23046 53650 7877 44716 99666 60909 26997 72565 83835 36865 74346 49030 67987 78501 17600 43691
4480 15
12704 20847 65132 82241 68225 86208 55596 73664 60374 78302 89707 75179 77628 64869 50994
9680 10
83957 437 8745 85251 91743 59839 20874 64431 5666 54566
1040 13
39450 5607 49837 62478 48977 26937 95245 68339 18575 47064 9886 35980 77835
32 9
38606 60474 41228 80734 97929 90270 34352 93731 20014
797 9
48403 19789 62661 3901 69510 9020 82991 60036 39452
2985 14
18528 51017 73927 96818 43834 95068 34879 94195 61028 85650 60130 23427 84959 25908
1785 19
26014 67301 4612 23543 35779 65211 70753 8805 2644 72860 28923 20710 23466 89629 83641 25081 71438 13637 75745
1739 10
44015 44037 9555 29370 78132 72874 32025 18261 15933 97610
2123 15
24924 85395 82833 230 92894 49792 39169 15956 62090 73898 68382 39376 84055 51924 85609
5338 10
70199 59005 98083 60764 13551 10729 34278 4588 19051 46782
8118 11
80724 83065 82146 25701 17889 96778 16043 89407 76967 88348 62466
2914 13
69945 51727 15852 47529 16569 43276 20876 17569 89081 82621 82437 49106 97016
8201 8
72486 29080 25094 84824 82777 29615 79656 23553
8688 12
92562 61453 81996 313 43241 87923 39896 23532 91130 12698 62920 88654
5313 18
20380 74841 50286 82066 145 84725 74677 46276 25944 69937 81844 60437 74021 80434 53210 9801 31866 18388
7473 13
85764 45080 92219 91509 11411 80558 87335 33143 9937 32872 42330 20594 53865
8323 13
7632 37903 59264 53470 7874 35500 42743 9934 28967 96222 92361 96831 28574
2408 15
29820 95519 87852 77156 42614 52346 59770 1441 17126 72354 92567 39388 62915 30644 10316
7602 19
20107 46366 62940 66308 24569 84010 93420 35406 69532 73009 8564 35322 68971 92992 51179 55866 57756 16194 19354
136 19
82340 13762 43787 98607 26421 71630 96918 58009 59705 62274 30890 80739 56992 91654 40032 13761 44802 89139 59229
8983 17
94589 45432 56183 79176 91117 48673 41029 340 26723 57420 3441 35583 75827 46498 95648 60477 4729
886 19
87083 18089 31949 8700 99704 82062 46596 22617 39817 73724 99355 74639 59837 95729 1077 50608 56359 96329 58244
670 16
44753 49807 2649 88282 69335 56364 69896 30092 26758 4271 3678 87611 94579 78 55431 30010
3958 10
36360 62135 41880 9205 92298 27397 24093 24376 35488 96791
9424 12
12379 53325 53574 23816 1706 11180 48752 42708 26155 40904 57674 11368
2225 11
59488 95170 84322 31065 95996 18592 12352 98304 44999 65521 64002
8789 14
66495 16147 53495 77856 18094 97977 76610 65250 17282 41094 83654 91749 68457 6281
4804 11
97009 27445 93141 51481 52850 25975 3482 9766 72033 17477 88641
8364 15
57450 27425 60410 61859 83689 96410 12066 24009 11546 97319 88838 81998 72560 41327 4091
2446 12
50706 91203 31139 56570 72180 16820 30018 57737 665 9331 9049 7088
8707 18
97643 8323 20074 10087 16277 67471 89254 8992 49177 70105 91412 85562 32570 76796 49834 97505 77342 28732
1174 11
20681 34068 63624 79569 66261 50696 54530 88987 27155 44250 78711
1666 11
6082 23216 29816 46421 35427 23787 56347 17915 15410 34448 85231
9794 11
99486 34550 99367 90720 63149 94869 38027 65160 91063 3161 52857
155 13
86273 65765 23530 401 77765 95233 35375 41601 20637 78110 40826 9061 93499
3 12
43193 28715 19769 92770 23414 68679 75988 4982 93556 54205 49233 6008
6198 10
40249 39064 27559 76978 21948 80042 17880 66502 87273 10970
2583 13
92613 99290 92849 93515 39873 80154 27354 59434 87887 92665 68589 13373 83228
529 13
43552 48579 99252 37699 40372 49374 33310 38678 3720 59052 66202 24716 56514
4449 18
19175 36067 46169 58512 37354 78519 25783 74759 65525 68749 71679 97606 78847 46057 94003 77964 83404 98500
278 8
83388 21819 41878 27172 96606 61678 1083 57772
7865 8
52290 72684 69241 49160 27154 34105 7734 1917
1875 10
16928 41170 65010 30913 6913 2866 93581 32098 35936 55570
5610 11
18939 93425 88594 48844 10901 46588 78589 44368 57908 75544 15832
6129 10
95606 60913 65399 14224 85677 92605 21030 18743 10774 76567
8005 19
71358 44049 75201 63729 50403 59779 11769 98798 2171 22715 58998 38757 80374 7518 54867 63014 69565 43568 66483
3245 13
12848 38197 23154 53768 92454 44312 25424 59501 17762 13640 16529 34803 16918
8279 9
24737 82502 79437 32039 98543 96414 11213 73237 63029
6783 11
82698 16770 51427 48392 67583 44717 57165 2324 33737 16383 38845
9128 14
76763 88368 6763 43449 56152 48531 59735 50738 76510 22056 6199 14032 77778 20291
1342 11
34616 56297 88043 14075 6330 86196 67961 46270 19315 74766 57895
3202 11
22439 33477 34677 91975 62991 9868 40329 85328 77943 53811 40153
9097 16
85560 19818 70185 16676 3785 94747 69480 3683 95707 66826 98423 79677 96626 68480 9544 9902
6387 13
24505 29687 15951 16104 47331 96160 36080 96352 98934 65040 78762 10865 85082
1978 11
14277 76064 89758 92074 46371 26571 98454 38207 65957 25345 39689
4758 18
84347 99010 23928 24709 33654 92408 2051 54287 91216 74497 2686 71749 63986 94218 4552 26076 61417 41803
2144 12
8888 83373 59023 36485 37470 2623 18220 40437 65933 39234 62673 7776
4645 10
29448 81895 43472 8274 98861 35526 87740 63969 14428 23371
7078 17
64525 61642 13571 37913 94088 43578 74044 73397 51012 26141 2187 29359 64421 83541 18627 33797 6535
1973 17
55929 5102 65534 68673 91268 24433 65802 94537 14394 96683 89391 81346 37676 50348 27527 94800 28670
5311 16
31674 40337 26765 5980 66267 56186 81510 41168 71301 75001 37385 82953 52285 85283 47594 88308
9265 10
58858 48707 67953 82736 68331 33897 91487 53397 24823 33298
2943 19
90985 48077 68857 56722 68429 61497 4916 11954 44522 38998 56395 19155 35038 36728 14627 34734 10040 42824 89074
1345 10
51800 23559 94509 42322 59885 91428 82341 88362 31986 52360
370 15
60985 72080 46210 29325 96575 68900 32684 21353 18799 48966 66522 99380 12080 63098 94177
8793 12
72313 56029 84170 64717 58865 52159 20512 40743 80599 73535 67518 81521
3963 12
86171 84695 8815 5135 40175 44899 46136 14372 77271 9198 40951 2032
3428 17
61709 39161 63123 87468 25787 53296 56796 49358 97430 88298 44929 51354 36727 69864 28439 47401 612
5897 11
76659 92526 46241 49761 57497 8182 5335 42466 79355 68134 73997
6902 10
97707 96365 71819 43924 66272 2063 12745 89815 73429 87326
8659 11
28136 33893 46930 16263 74354 57540 79943 71598 50837 50421 36054
61 13
74641 99911 81777 78493 4280 91850 270 26630 22628 30734 10448 83635 26401
7737 15
13038 62385 42927 73796 99172 12538 77702 46327 76706 90138 95552 14995 41993 83212 32276
4026 12
97985 86359 25243 79079 77408 94401 8548 15377 9852 57601 11163 398
6025 17
22120 32999 57798 79770 60996 7756 73040 55115 59016 95640 30227 83520 10318 69963 51664 6027 15234
2928 13
83392 77931 47749 82132 31414 57257 12157 18109 16159 16309 67282 84448 97630
7582 20
77684 69696 47593 29878 21340 62470 57028 84906 71537 47879 16226 48702 20934 74381 91952 1809 82778 33158 88057 37525
3164 9
77109 67484 72596 61670 66562 7633 69313 32687 49782
5523 17
18711 31675 95018 17531 64293 31078 67081 65454 44354 48363 40020 80571 33580 89131 20012 82572 74547
5360 16
59857 73095 1845 22487 76585 66546 55642 20416 20246 54788 43051 56937 82605 18325 91915 33065
8285 12
51240 96181 93030 13554 3807 80043 72167 34260 45320 77979 15191 57228
973 15
64268 34780 92156 60779 6862 46139 92793 61097 50798 94639 67173 83999 18062 56535 91042
9833 11
42595 33929 69354 29207 4580 63306 13060 60218 14706 74124 74638
9447 17
63821 14339 38150 83518 20351 61857 98621 90735 33653 76725 34612 38320 89681 76262 673 38593 38493
2457 9
36987 91283 55480 23508 77001 24780 8334 58821 73007
7937 15
62239 12068 12807 3015 74379 79984 92731 34861 50105 48712 13847 4329 78805 48614 7517
7201 18
38846 76802 22662 23777 54759 5891 17893 81726 71365 2668 71207 7886 95419 98275 33173 46664 1870 75421
5687 13
17174 82885 40386 71188 1309 26971 99532 16767 93903 77519 24711 56915 80350
1873 12
87217 89584 75354 83188 34416 91002 21409 14302 96876 83314 81407 92516
4084 10
47224 41848 37389 28011 684 68634 63578 80992 28414 22613
7493 16
7072 90439 78279 2100 50461 93534 85796 63839 52915 85267 90060 87541 99864 79072 83598 26660
7217 14
50363 29793 30053 90888 81395 10306 43719 96348 60144 26071 52813 63234 39816 73827
8912 15
67082 33840 69852 48048 74752 57032 24608 23631 51355 61440 11771 31202 53735 5735 36219
3767 11
63332 81517 30125 88197 32577 34176 85214 48637 78158 1089 93034
5091 16
65945 28304 39856 21570 28866 57384 38037 25414 44496 10382 31388 89906 79615 8330 69124 88734
1478 17
16541 88154 94760 3165 99281 89956 94114 70272 11030 16091 29280 59763 31959 95287 56764 81910 29736
4215 16
72899 9327 80542 71012 97864 23126 64071 67456 89433 12790 25445 46303 4969 18783 21730 2736
3771 12
84474 17287 36790 890 88728 76040 91814 52795 29084 50067 37818 25515
5471 15
44193 14515 24670 70949 64136 33430 85226 31354 54303 90653 69600 62953 92558 60059 65498
4919 11
82160 24316 97559 30015 19554 92830 74860 76319 60469 89104 6006
6349 15
34113 93970 84043 4120 63767 21212 78121 26147 26540 96477 82010 26396 26165 96766 92433
2908 11
9530 56549 50659 82047 84953 59140 34005 41295 56188 46658 20969
445 14
18854 55148 69678 2014 35349 59344 24482 64459 92413 86612 90346 24640 14411 27036
811 17
68738 11148 50881 84120 18871 36628 87977 58470 32257 60123 33777 43056 66814 13093 87847 7006 94207
3416 12
65223 27077 34173 95253 96074 27494 23286 89298 41533 31117 784 3333
2268 15
18519 37530 46809 49584 78188 35862 45035 99746 17071 46685 30371 16826 38861 82754 16134
3916 8
11667 48830 87022 38239 88137 93158 90732 99473
9881 11
77283 69561 28300 81295 82411 58411 94920 79701 56079 11404 29777
2953 18
15777 26084 40676 31856 16562 39674 32942 90341 90514 52164 59967 86686 65556 33749 1125 5542 22626 16549
3915 13
83261 74855 27006 55918 98747 60639 45917 74117 98284 30953 72951 67403 63550
3467 10
7214 8128 78552 35798 48225 4713 89685 36992 90590 56363
3080 15
1883 54164 31977 6733 40481 78611 64673 31796 3671 87054 74341 17256 20809 69934 81404
559 13
47217 5788 56575 19849 9269 84609 50412 3448 87584 45994 70353 36910 7190
542 15
35954 33694 60895 85408 45750 12927 88830 15560 77058 56865 53334 98687 22135 90563 98025
3190 10
34229 92758 66225 81909 58233 89532 87931 44637 22820 77446
3201 11
86729 69498 8566 89925 51060 99450 54403 62462 54824 30259 14868
9305 11
62607 59824 61850 44751 82515 95658 90253 8333 94107 67681 13544
1615 14
83953 50652 41881 79395 81152 79922 2039 98400 2573 16979 41562 48943 8743 72081
7700 12
80107 92346 62642 41648 37318 94219 53053 35445 8017 57094 37349 79847
5654 16
94010 8560 10907 3565 87670 80070 42559 59164 83268 26456 13720 26060 3479 47669 49319 58774
1502 12
29552 65482 42274 99891 94611 44371 12830 9693 73268 87922 96194 81262
1807 18
90073 49334 88360 48294 88738 60598 94259 63275 93474 39933 8010 77216 86753 89163 74681 92886 7847 99187
1824 14
60722 93300 24816 59120 22845 33502 46666 63962 30186 8572 65226 72932 15316 18005
9060 16
21954 3631 28418 51498 39421 2832 30539 82115 49125 32288 58438 15588 78524 85768 91847 17460
5267 13
73395 73352 96472 63954 41858 16034 33916 71531 29287 83759 92067 75161 49017
1481 15
39013 18694 80569 18457 33411 69948 3516 42698 74128 78483 6691 21795 89739 57324 74501
7296 12
12073 54115 36981 2547 32866 23355 51538 77828 11285 9476 79028 49203
2240 9
94801 26416 18272 38090 4273 82465 32689 59757 49021
5016 13
50570 71818 26797 84538 11671 65166 84141 14204 88305 23219 22775 18744 20560
1924 11
93873 25447 18224 14053 83603 27490 43103 51494 84775 21520 96748
8761 14
13934 89410 19517 53321 23153 32754 43118 22619 95884 69040 11795 80009 90903 32117
6189 18
55709 35704 35114 38508 74773 55154 77413 73003 28025 72577 27676 57806 27544 99320 16253 60912 80523 29089
2385 16
89783 93991 80895 40289 88792 34520 93376 18518 64820 81722 96413 69049 31141 516 32956 59548
6830 12
64853 7267 41918 25155 85319 30528 54113 32837 71662 32399 14016 72561
1525 18
9687 95293 94367 84745 62072 9352 22667 73558 59789 91112 88997 93090 16791 42323 24060 53366 60421 27961
4737 14
50866 13887 69483 85147 61044 83117 76690 71699 5932 74781 7423 21135 14187 98118
3129 11
82080 18267 1713 89159 12663 43185 48444 80444 97328 90576 17512
3153 13
29753 98432 22500 62841 18887 97369 27340 87964 86269 25904 12453 19664 44700
2176 13
27705 48137 48618 59273 52505 11353 94953 54381 44644 47153 74899 45715 14338
8281 10
11149 37014 90123 5987 92288 55621 50357 99369 82420 76141
5156 11
92323 90351 93074 14426 52173 49531 60653 62996 71747 32131 2718
6116 13
33342 45011 11821 43697 68753 88451 6227 95717 80840 72477 89575 86820 394
4187 17
49274 62549 31820 26427 22792 20997 72156 26352 9564 16251 49193 17209 36547 74113 74882 24083 34811
2867 9
12572 76808 44376 98640 22326 57575 59948 39822 27941
4719 11
91482 75262 49661 38691 24329 63976 84150 19413 77935 31654 84992
7636 15
85 49881 77319 37282 37845 70981 49689 81075 63153 5647 48773 76790 38814 40184 91960
5583 16
21855 34931 31047 45946 44755 7432 8187 82006 90531 59162 34270 68806 4516 79473 53929 63516
3758 15
44587 84740 2961 30635 23921 47580 94654 44919 21398 34316 80713 33664 41794 3421 16430
8749 14
12262 62911 13284 65518 61553 301 53059 24714 17543 10037 7714 48870 96812 2101
4970 16
29620 78365 23565 78106 22227 66749 50590 25864 65783 86094 64532 1884 92407 93042 16374 54697
8613 15
46159 36244 63359 84969 1234 91488 69355 90998 40149 9037 93189 51849 89288 34227 50683
700 16
24597 66592 67210 9865 39180 60993 37842 7868 54636 63296 93756 36847 42168 59674 63109 46696
8129 11
39681 74479 49453 29696 70005 15553 72455 2959 34904 63713 62293
8026 15
39713 46048 98290 93575 55147 79498 9890 4965 4171 87913 85711 63137 81186 99293 60728
3385 14
65741 31810 32505 6833 76345 12470 7022 108 31050 74943 58902 92347 57929 73737
5922 10
20615 73061 6071 49107 67479 75144 92908 16505 70321 76302
2701 14
54900 86529 53122 18748 94087 26007 99502 14226 86873 11694 71792 12255 96024 46258
8664 13
83974 85982 31836 67572 15278 5599 22025 35621 58344 41099 77253 69380 35927
2615 15
72624 22914 20752 54528 67418 2873 84208 63835 73754 46624 73981 52096 55463 43099 1184
6078 10
14322 88396 73020 51350 74191 58818 46423 25439 6101 77277
2027 17
30422 34060 25881 42711 7930 16995 10964 4442 66356 82429 34445 61374 75633 46951 65283 2824 59244
6552 10
15049 5278 85318 77714 28312 19712 36610 29763 48108 98327
9151 17
52753 79959 30530 69350 87444 64454 4327 18116 2175 82145 95891 33175 83569 49083 4598 87691 49325
2468 20
84408 44075 75860 97638 4270 64188 92160 82367 58943 58641 71515 76499 6745 48757 55111 50910 22455 59586 15132 67246
7127 9
1527 78888 42231 42316 4841 46680 34492 76354 98446
9344 13
54316 16132 4925 92401 21106 13123 68020 12817 14953 34099 78586 62133 51888
3966 15
11189 51394 69537 23171 60619 54761 939 99125 74493 95149 62225 25622 57430 16019 49803
