155
125 1
28754
798 1
81387
795 1
18479
793 1
23263
23 1
1312
805 1
77082
773 1
19182
476 1
51424
478 1
29208
736 1
59523
491 1
99672
808 1
68937
495 1
38529
455 1
42144
709 1
86587
387 1
23258
4 1
91924
366 1
79149
543 1
1263
854 1
90159
690 1
27486
350 1
68890
687 1
4326
85 1
56350
565 1
34974
343 1
77376
594 1
19986
270 1
37022
669 1
84208
241 1
75441
597 1
90533
209 1
97973
600 1
24693
191 1
42718
626 1
69122
178 1
53325
646 1
72951
164 1
57211
630 1
23715
66 1
4609
971 1
49033
650 2
40831 1420
447 2
16932 91334
443 2
92460 62077
428 2
95661 76638
393 2
12655 39965
72 2
34153 18138
388 2
91626 64055
844 2
63778 7739
80 2
81180 86051
81 2
9268 86279
82 2
75365 76087
71 2
35812 91607
848 2
42570 26516
813 2
1344 85750
894 2
54688 56075
69 2
49908 34534
902 2
75420 8421
466 2
53423 10384
933 2
27173 89811
472 2
89489 41419
87 2
42858 2908
779 2
56023 98445
332 2
97781 53012
772 2
67017 92329
323 2
47917 2360
27 2
5671 79344
316 2
55874 19235
717 2
48902 6429
304 2
97339 47336
715 2
9274 27877
936 2
16142 30618
61 2
21225 66733
245 2
49488 50624
506 2
87990 32300
244 2
60015 93831
59 2
42448 72591
242 2
94725 20191
522 2
96006 91667
944 2
12442 34916
536 2
2544 51679
239 2
97496 46014
708 2
79095 25711
233 2
65203 95929
693 2
92363 42772
952 2
15413 85082
676 2
70329 8793
100 2
43948 921
566 2
60113 8392
202 2
11629 82484
569 2
7483 43761
959 2
75140 66442
575 2
7199 59376
184 2
71261 2473
589 2
16232 22490
969 2
16048 40301
37 2
94111 84980
970 2
4547 18278
665 2
6305 80658
158 2
41702 62835
653 2
31752 5642
157 2
82382 42371
602 2
80149 34447
151 2
18087 17215
607 2
38253 69948
140 2
50800 21401
390 2
38322 54223
112 2
96970 11991
972 2
64613 66840
56 2
20749 81609
500 1
68680
0 2
12421 31074
556 1
3074
640 1
82310
980 1
34031
535 1
28595
889 1
40688
142 1
54194
534 1
93713
39 1
42984
292 1
72954
197 1
28497
983 1
92673
335 1
25448
268 1
67298
820 1
49941
555 1
47364
356 1
9706
563 1
70646
150 1
53107
634 1
80141
509 1
35359
925 1
17114
60 1
56240
908 1
22029
815 1
42759
631 1
8993
949 1
94655
231 1
63041
155 1
52298
577 1
10275
359 1
75835
581 1
61343
679 1
11049
993 1
32755
64 1
89753
586 1
82049
764 1
25087
587 1
11830
760 1
52062
995 1
28184
462 1
86919
121 1
29341
174 1
82773
622 1
75916
