17
89 5
92744 58703 90749 50590 71383
847 5
60255 18199 8743 46793 56157
112 6
95637 46724 34817 59520 91270 81536
204 6
54412 96633 36256 78062 41981 27537
193 6
63359 95263 45167 17592 20929 87284
624 6
13966 550 77173 38690 37436 66020
21 6
79071 25134 59464 83519 83422 73494
667 6
48430 73064 53557 10428 75481 43725
12 6
11313 36229 24531 45685 92986 3208
694 6
77085 77125 13470 35150 46499 30986
902 5
68043 33961 22024 26538 26214
573 5
63962 66258 17077 62022 78348
774 5
28609 86213 2332 80366 12044
261 5
37300 76015 9029 82069 83707
49 5
64900 90267 99226 22269 15088
923 5
23535 73276 8139 412 43111
247 5
18804 83622 46908 29130 6768
